[09:45:13.50] /o 
              /c                                 Custom Compiler™ 
              /c 
              /c                Version U-2023.03-SP2 for linux64 - Aug 25, 2023 
              /c 
              /c                     Copyright (c) 2004 - 2023 Synopsys, Inc.
              /c    This software and the associated documentation are proprietary to Synopsys,
              /c  Inc. This software may only be used in accordance with the terms and conditions
              /c  of a written license agreement with Synopsys, Inc. All other use, reproduction,
              /c    or distribution of this software is strictly prohibited.  Licensed Products
              /c      communicate with Synopsys servers for the purpose of providing software
              /c     updates, detecting software piracy and verifying that customers are using
              /c     Licensed Products in conformity with the applicable License Key for such
              /c   Licensed Products. Synopsys will use information gathered in connection with
              /c     this process to deliver software updates and pursue software pirates and
              /c                                    infringers.
              /c 
              /c  Inclusivity & Diversity - Visit SolvNetPlus to read the "Synopsys Statement on
              /c             Inclusivity and Diversity" (Refer to article 000036315 at
              /c                         https://solvnetplus.synopsys.com)
              /c 
              /c Build  (OPT) Config 9128410 compiled on Fri Aug 25 11:03:32 2023 for CentOS64 7.3
              /c Invocation: /mnt/vol_synopsys2023/synopsys/customcompiler/U-2023.03-SP2/linux64/platform/bin/cdesigner -loadAll true
              /c Execution time: Sat Mar  2 09:45:10 2024
              /c Host: redhat003
              /c Working directory: /mnt/vol_NFS_rh003/Est_VLSI_I_2024/Montero_Marenco_I_2024_vlsi/Tareas/tarea_1_vlsi/src
              /c 
[09:45:19.93] /m Information: Registering ICV PERC package...
[09:45:20.48] /r giShowFrameTabs true
[09:45:20.48] /r giWindowId 1
[09:45:20.48] /r giWindowGeometry 1040x800
[09:45:34.04] /# gi::pressButton {/scroll/scrollArea/scrollAreaInnerWidget/applications/giConsole} -in [gi::getWindows 1]
[09:45:34.04] /# 
