[19:06:48.16] /o 
              /c                                 Custom Compiler™ 
              /c 
              /c                Version U-2023.03-SP2 for linux64 - Aug 25, 2023 
              /c 
              /c                     Copyright (c) 2004 - 2023 Synopsys, Inc.
              /c    This software and the associated documentation are proprietary to Synopsys,
              /c  Inc. This software may only be used in accordance with the terms and conditions
              /c  of a written license agreement with Synopsys, Inc. All other use, reproduction,
              /c    or distribution of this software is strictly prohibited.  Licensed Products
              /c      communicate with Synopsys servers for the purpose of providing software
              /c     updates, detecting software piracy and verifying that customers are using
              /c     Licensed Products in conformity with the applicable License Key for such
              /c   Licensed Products. Synopsys will use information gathered in connection with
              /c     this process to deliver software updates and pursue software pirates and
              /c                                    infringers.
              /c 
              /c  Inclusivity & Diversity - Visit SolvNetPlus to read the "Synopsys Statement on
              /c             Inclusivity and Diversity" (Refer to article 000036315 at
              /c                         https://solvnetplus.synopsys.com)
              /c 
              /c Build  (OPT) Config 9128410 compiled on Fri Aug 25 11:03:32 2023 for CentOS64 7.3
              /c Invocation: /mnt/vol_synopsys2023/synopsys/customcompiler/U-2023.03-SP2/linux64/platform/bin/cdesigner -loadAll true
              /c Execution time: Fri Mar  1 19:06:45 2024
              /c Host: redhat003
              /c Working directory: /mnt/vol_NFS_rh003/Est_VLSI_I_2024/Montero_Marenco_I_2024_vlsi/Tareas/tarea_1_vlsi/src
              /c 
[19:06:56.03] /m Information: Registering ICV PERC package...
[19:06:56.49] /r giShowFrameTabs true
[19:06:56.49] /r giWindowId 1
[19:06:56.49] /r giWindowGeometry 1040x800
[19:07:01.50] /# gi::pressButton {/scroll/scrollArea/scrollAreaInnerWidget/applications/giConsole} -in [gi::getWindows 1]
[19:07:01.52] /# 
[19:07:10.37] /i gi::createWindow -windowType [gi::getWindowTypes giHomePage]
[19:07:10.37] /r giWindowId 2
[19:07:10.38] /r giWindowGeometry 1040x800
[19:07:18.73] /i gi::executeAction giCloseWindow -in [gi::getWindows 2]
[19:07:27.84] /# gi::executeAction {giPostContextMenu} -in [gi::getWindows 0]
[19:07:28.85] /# gi::executeAction {giConsoleEditCopy} -in [gi::getWindows 0]
[19:07:28.85] /# gi::executeAction {giConsoleLogCopy} -in [gi::getWindows 0]
[19:07:31.11] /i db::setAttr iconified -of [gi::getFrames 1] -value true
[21:27:48.93] /i exit
[21:27:49.01] /r giDialog gi::setActiveDialog [gi::getDialogs {deExitDialog}]
[21:27:49.27] /r giDialog db::setAttr geometry -of [gi::getDialogs {deExitDialog}] -value 414x181+743+423
[21:27:52.91] /r giDialog gi::pressButton {ok} -in [gi::getDialogs {deExitDialog}]
[21:27:52.93] /r giDialog gi::setActiveWindow 1
[21:27:52.93] /r giDialog gi::setActiveWindow 1 -raise true
[21:27:58.49] /o Shutdown time: Fri Mar  1 21:27:58 2024
[21:27:58.49] /o Elapsed session real time: 2 hours 21.18 minutes
[21:27:58.49] /o Session terminated. Log is at /mnt/vol_NFS_rh003/Est_VLSI_I_2024/Montero_Marenco_I_2024_vlsi/Tareas/tarea_1_vlsi/src/synopsys_custom/logs/ccompiler.Montero_Marenco_I_2024_vlsi.2024_3_1_190645_331255.log
