[17:19:29.37] /o 
              /c                                 Custom Compiler™ 
              /c 
              /c                Version U-2023.03-SP2 for linux64 - Aug 25, 2023 
              /c 
              /c                     Copyright (c) 2004 - 2023 Synopsys, Inc.
              /c    This software and the associated documentation are proprietary to Synopsys,
              /c  Inc. This software may only be used in accordance with the terms and conditions
              /c  of a written license agreement with Synopsys, Inc. All other use, reproduction,
              /c    or distribution of this software is strictly prohibited.  Licensed Products
              /c      communicate with Synopsys servers for the purpose of providing software
              /c     updates, detecting software piracy and verifying that customers are using
              /c     Licensed Products in conformity with the applicable License Key for such
              /c   Licensed Products. Synopsys will use information gathered in connection with
              /c     this process to deliver software updates and pursue software pirates and
              /c                                    infringers.
              /c 
              /c  Inclusivity & Diversity - Visit SolvNetPlus to read the "Synopsys Statement on
              /c             Inclusivity and Diversity" (Refer to article 000036315 at
              /c                         https://solvnetplus.synopsys.com)
              /c 
              /c Build  (OPT) Config 9128410 compiled on Fri Aug 25 11:03:32 2023 for CentOS64 7.3
              /c Invocation: /mnt/vol_synopsys2023/synopsys/customcompiler/U-2023.03-SP2/linux64/platform/bin/cdesigner -loadAll true
              /c Execution time: Sat Mar  2 17:19:26 2024
              /c Host: redhat003
              /c Working directory: /mnt/vol_NFS_rh003/Est_VLSI_I_2024/Montero_Marenco_I_2024_vlsi/Tareas/tarea_1_vlsi/src
              /c 
[17:19:35.76] /m Information: Registering ICV PERC package...
[17:19:35.92] /r giShowFrameTabs true
[17:19:35.92] /r giWindowId 1
[17:19:35.92] /r giWindowGeometry 1040x800
[17:19:45.18] /# gi::pressButton {/scroll/scrollArea/scrollAreaInnerWidget/applications/giConsole} -in [gi::getWindows 1]
[17:19:45.18] /# 
[17:20:02.66] /i db::setAttr maximized -of [gi::getFrames 1] -value true
[17:20:02.98] /i db::setAttr geometry -of [gi::getFrames 1] -value 1910x1020+5+55
[17:20:04.59] /i db::setAttr maximized -of [gi::getFrames 1] -value false
[17:20:04.95] /i db::setAttr geometry -of [gi::getFrames 1] -value 1040x824+439+129
[17:20:05.78] /i exit
[17:20:05.86] /r giDialog gi::setActiveDialog [gi::getDialogs {deExitDialog} -parent [gi::getWindows 0]]
[17:20:06.17] /r giDialog db::setAttr geometry -of [gi::getDialogs {deExitDialog} -parent [gi::getWindows 0]] -value 414x181+752+457
[17:20:07.50] /r giDialog gi::pressButton {ok} -in [gi::getDialogs {deExitDialog} -parent [gi::getWindows 0]]
[17:20:07.51] /r giDialog gi::setActiveWindow 1
[17:20:07.51] /r giDialog gi::setActiveWindow 1 -raise true
[17:20:12.83] /o Shutdown time: Sat Mar  2 17:20:12 2024
[17:20:12.83] /o Elapsed session real time: 0.73 minutes
[17:20:12.83] /o Session terminated. Log is at /mnt/vol_NFS_rh003/Est_VLSI_I_2024/Montero_Marenco_I_2024_vlsi/Tareas/tarea_1_vlsi/src/synopsys_custom/logs/ccompiler.Montero_Marenco_I_2024_vlsi.2024_3_2_171926_431098.log
